<?xml version="1.0" encoding="UTF-8"?>
<!-- Generated by org.testng.reporters.JUnitReportReporter -->
<testsuite hostname="Aditya" failures="0" tests="1" name="adityaSalesforceProject.checkAccountCreation" time="17.089" errors="0" timestamp="2024-03-31T20:22:43 IST" skipped="0">
  <testcase classname="adityaSalesforceProject.checkAccountCreation" name="firstTest" time="17.089"/>
  <system-out/>
</testsuite> <!-- adityaSalesforceProject.checkAccountCreation -->
