<?xml version="1.0" encoding="UTF-8"?>
<!-- Generated by org.testng.reporters.JUnitReportReporter -->
<testsuite hostname="Aditya" failures="0" tests="1" name="adityaSalesforceProject.checkAccountCreation" time="15.247" errors="0" timestamp="2024-04-12T05:04:44 IST" skipped="0">
  <testcase classname="adityaSalesforceProject.checkAccountCreation" name="firstTest" time="15.247"/>
  <system-out/>
</testsuite> <!-- adityaSalesforceProject.checkAccountCreation -->
